<?xml version="1.0" encoding="UTF-8"?>
<testng-results ignored="0" total="3" passed="3" failed="0" skipped="0">
  <reporter-output>
  </reporter-output>
  <suite started-at="2025-03-29T16:07:22 IST" name="Suite" finished-at="2025-03-29T16:07:32 IST" duration-ms="9672">
    <groups>
    </groups>
    <test started-at="2025-03-29T16:07:22 IST" name="Test" finished-at="2025-03-29T16:07:32 IST" duration-ms="9672">
      <class name="test.TestClass1">
        <test-method is-config="true" signature="LaunchDriver()[pri:0, instance:test.TestClass1@3911c2a7]" started-at="2025-03-29T16:07:22 IST" name="LaunchDriver" finished-at="2025-03-29T16:07:24 IST" duration-ms="2231" status="PASS">
          <reporter-output>
          </reporter-output>
        </test-method> <!-- LaunchDriver -->
        <test-method signature="Test1()[pri:0, instance:test.TestClass1@3911c2a7]" started-at="2025-03-29T16:07:24 IST" name="Test1" finished-at="2025-03-29T16:07:27 IST" duration-ms="2286" status="PASS">
          <reporter-output>
          </reporter-output>
        </test-method> <!-- Test1 -->
        <test-method is-config="true" signature="quit()[pri:0, instance:test.TestClass1@3911c2a7]" started-at="2025-03-29T16:07:27 IST" name="quit" finished-at="2025-03-29T16:07:27 IST" duration-ms="200" status="PASS">
          <reporter-output>
          </reporter-output>
        </test-method> <!-- quit -->
        <test-method is-config="true" signature="LaunchDriver()[pri:0, instance:test.TestClass1@3911c2a7]" started-at="2025-03-29T16:07:27 IST" name="LaunchDriver" finished-at="2025-03-29T16:07:28 IST" duration-ms="675" status="PASS">
          <reporter-output>
          </reporter-output>
        </test-method> <!-- LaunchDriver -->
        <test-method signature="Test2()[pri:0, instance:test.TestClass1@3911c2a7]" started-at="2025-03-29T16:07:28 IST" name="Test2" finished-at="2025-03-29T16:07:29 IST" duration-ms="1510" status="PASS">
          <reporter-output>
          </reporter-output>
        </test-method> <!-- Test2 -->
        <test-method is-config="true" signature="quit()[pri:0, instance:test.TestClass1@3911c2a7]" started-at="2025-03-29T16:07:29 IST" name="quit" finished-at="2025-03-29T16:07:29 IST" duration-ms="199" status="PASS">
          <reporter-output>
          </reporter-output>
        </test-method> <!-- quit -->
        <test-method is-config="true" signature="LaunchDriver()[pri:0, instance:test.TestClass1@3911c2a7]" started-at="2025-03-29T16:07:29 IST" name="LaunchDriver" finished-at="2025-03-29T16:07:30 IST" duration-ms="696" status="PASS">
          <reporter-output>
          </reporter-output>
        </test-method> <!-- LaunchDriver -->
        <test-method signature="Test3()[pri:0, instance:test.TestClass1@3911c2a7]" started-at="2025-03-29T16:07:30 IST" name="Test3" finished-at="2025-03-29T16:07:32 IST" duration-ms="1678" status="PASS">
          <reporter-output>
          </reporter-output>
        </test-method> <!-- Test3 -->
        <test-method is-config="true" signature="quit()[pri:0, instance:test.TestClass1@3911c2a7]" started-at="2025-03-29T16:07:32 IST" name="quit" finished-at="2025-03-29T16:07:32 IST" duration-ms="174" status="PASS">
          <reporter-output>
          </reporter-output>
        </test-method> <!-- quit -->
      </class> <!-- test.TestClass1 -->
    </test> <!-- Test -->
  </suite> <!-- Suite -->
</testng-results>
