<?xml version="1.0" encoding="UTF-8"?>
<testng-results ignored="0" total="3" passed="3" failed="0" skipped="0">
  <reporter-output>
  </reporter-output>
  <suite started-at="2025-03-29T13:12:48 IST" name="Suite" finished-at="2025-03-29T13:12:59 IST" duration-ms="10754">
    <groups>
    </groups>
    <test started-at="2025-03-29T13:12:48 IST" name="Test" finished-at="2025-03-29T13:12:59 IST" duration-ms="10754">
      <class name="test.TestClass1">
        <test-method is-config="true" signature="LaunchDriver()[pri:0, instance:test.TestClass1@55b7a4e0]" started-at="2025-03-29T13:12:48 IST" name="LaunchDriver" finished-at="2025-03-29T13:12:50 IST" duration-ms="2272" status="PASS">
          <reporter-output>
          </reporter-output>
        </test-method> <!-- LaunchDriver -->
        <test-method signature="Test1()[pri:0, instance:test.TestClass1@55b7a4e0]" started-at="2025-03-29T13:12:50 IST" name="Test1" finished-at="2025-03-29T13:12:52 IST" duration-ms="1900" status="PASS">
          <reporter-output>
          </reporter-output>
        </test-method> <!-- Test1 -->
        <test-method is-config="true" signature="quit()[pri:0, instance:test.TestClass1@55b7a4e0]" started-at="2025-03-29T13:12:52 IST" name="quit" finished-at="2025-03-29T13:12:52 IST" duration-ms="326" status="PASS">
          <reporter-output>
          </reporter-output>
        </test-method> <!-- quit -->
        <test-method is-config="true" signature="LaunchDriver()[pri:0, instance:test.TestClass1@55b7a4e0]" started-at="2025-03-29T13:12:52 IST" name="LaunchDriver" finished-at="2025-03-29T13:12:53 IST" duration-ms="1003" status="PASS">
          <reporter-output>
          </reporter-output>
        </test-method> <!-- LaunchDriver -->
        <test-method signature="Test2()[pri:0, instance:test.TestClass1@55b7a4e0]" started-at="2025-03-29T13:12:53 IST" name="Test2" finished-at="2025-03-29T13:12:55 IST" duration-ms="1673" status="PASS">
          <reporter-output>
          </reporter-output>
        </test-method> <!-- Test2 -->
        <test-method is-config="true" signature="quit()[pri:0, instance:test.TestClass1@55b7a4e0]" started-at="2025-03-29T13:12:55 IST" name="quit" finished-at="2025-03-29T13:12:55 IST" duration-ms="311" status="PASS">
          <reporter-output>
          </reporter-output>
        </test-method> <!-- quit -->
        <test-method is-config="true" signature="LaunchDriver()[pri:0, instance:test.TestClass1@55b7a4e0]" started-at="2025-03-29T13:12:55 IST" name="LaunchDriver" finished-at="2025-03-29T13:12:56 IST" duration-ms="1050" status="PASS">
          <reporter-output>
          </reporter-output>
        </test-method> <!-- LaunchDriver -->
        <test-method signature="Test3()[pri:0, instance:test.TestClass1@55b7a4e0]" started-at="2025-03-29T13:12:56 IST" name="Test3" finished-at="2025-03-29T13:12:58 IST" duration-ms="1853" status="PASS">
          <reporter-output>
          </reporter-output>
        </test-method> <!-- Test3 -->
        <test-method is-config="true" signature="quit()[pri:0, instance:test.TestClass1@55b7a4e0]" started-at="2025-03-29T13:12:58 IST" name="quit" finished-at="2025-03-29T13:12:59 IST" duration-ms="313" status="PASS">
          <reporter-output>
          </reporter-output>
        </test-method> <!-- quit -->
      </class> <!-- test.TestClass1 -->
    </test> <!-- Test -->
  </suite> <!-- Suite -->
</testng-results>
